\BOOKMARK [1][-]{section.1}{Understanding Parallelism}{}% 1
\BOOKMARK [2][-]{subsection.1.1}{Definition of a Distributed System}{section.1}% 2
\BOOKMARK [2][-]{subsection.1.2}{Challenges of Distributed Systems}{section.1}% 3
\BOOKMARK [1][-]{section.2}{OpenMP}{}% 4
\BOOKMARK [2][-]{subsection.2.1}{OpenMP Basics}{section.2}% 5
\BOOKMARK [3][-]{subsubsection.2.1.1}{OpenMP Overview}{subsection.2.1}% 6
\BOOKMARK [3][-]{subsubsection.2.1.2}{OpenMP Model}{subsection.2.1}% 7
\BOOKMARK [3][-]{subsubsection.2.1.3}{Creating Threads and Accessing Data}{subsection.2.1}% 8
\BOOKMARK [3][-]{subsubsection.2.1.4}{Thread Synchronization}{subsection.2.1}% 9
\BOOKMARK [3][-]{subsubsection.2.1.5}{Memory Consistency}{subsection.2.1}% 10
\BOOKMARK [2][-]{subsection.2.2}{Loop Parallelism in OpenMP}{section.2}% 11
\BOOKMARK [3][-]{subsubsection.2.2.1}{The Worksharing Concept}{subsection.2.2}% 12
\BOOKMARK [3][-]{subsubsection.2.2.2}{Loop Worksharing}{subsection.2.2}% 13
\BOOKMARK [3][-]{subsubsection.2.2.3}{The Single Construct}{subsection.2.2}% 14
\BOOKMARK [2][-]{subsection.2.3}{Task Parallelism in OpenMP}{section.2}% 15
\BOOKMARK [3][-]{subsubsection.2.3.1}{OpenMP Tasks}{subsection.2.3}% 16
\BOOKMARK [3][-]{subsubsection.2.3.2}{Task Synchronization}{subsection.2.3}% 17
\BOOKMARK [1][-]{section.3}{MPI: Message Passing Interface}{}% 18
\BOOKMARK [2][-]{subsection.3.1}{Environment}{section.3}% 19
\BOOKMARK [2][-]{subsection.3.2}{Barrier Synchronization}{section.3}% 20
\BOOKMARK [2][-]{subsection.3.3}{Point-to-Point Communication}{section.3}% 21
\BOOKMARK [2][-]{subsection.3.4}{Collective Communication}{section.3}% 22
\BOOKMARK [1][-]{section.4}{Programming with CUDA}{}% 23
\BOOKMARK [2][-]{subsection.4.1}{GPU Architecture}{section.4}% 24
\BOOKMARK [2][-]{subsection.4.2}{CUDA: Devices, Kernel Definitions, and Offloading}{section.4}% 25
\BOOKMARK [2][-]{subsection.4.3}{CUDA: Blocks, Threads, and Indexing}{section.4}% 26
\BOOKMARK [2][-]{subsection.4.4}{CUDA: Accessing \(global\) Memory}{section.4}% 27
\BOOKMARK [2][-]{subsection.4.5}{CUDA: Cooperating Threads and Shared Memory}{section.4}% 28
